<?xml version="1.0" encoding="UTF-8"?>
<testsuite name="com.bridgelabs.javalinkedlist.MyLinkedListTest" tests="1" skipped="0" failures="0" errors="0" timestamp="2021-03-31T22:41:48" hostname="SAISHANKER" time="0.085">
  <properties/>
  <testcase name="given3NumbersWhenAddedToLinkedListShouldBeAddedToLast()" classname="com.bridgelabs.javalinkedlist.MyLinkedListTest" time="0.085"/>
  <system-out><![CDATA[My nodes: 56-->30-->70
]]></system-out>
  <system-err><![CDATA[]]></system-err>
</testsuite>
