<?xml version="1.0" encoding="UTF-8"?>
<testsuite name="com.bridgelabs.javalinkedlist.MyNodeTest" tests="1" skipped="0" failures="0" errors="0" timestamp="2021-03-31T20:48:28" hostname="SAISHANKER" time="0.069">
  <properties/>
  <testcase name="given3NumbersWhenLinkedShouldPassedLinkedListTest()" classname="com.bridgelabs.javalinkedlist.MyNodeTest" time="0.069"/>
  <system-out><![CDATA[]]></system-out>
  <system-err><![CDATA[]]></system-err>
</testsuite>
